Flow report for Therm_de0_nano
Thu May 15 14:52:38 2014
Quartus II 64-Bit Version 11.0 Build 157 04/27/2011 SJ Full Version


---------------------
; Table of Contents ;
---------------------
  1. Legal Notice
  2. Flow Summary
  3. Flow Settings
  4. Flow Non-Default Global Settings
  5. Flow Elapsed Time
  6. Flow OS Summary
  7. Flow Log



----------------
; Legal Notice ;
----------------
Copyright (C) 1991-2011 Altera Corporation
Your use of Altera Corporation's design tools, logic functions 
and other software and tools, and its AMPP partner logic 
functions, and any output files from any of the foregoing 
(including device programming or simulation files), and any 
associated documentation or information are expressly subject 
to the terms and conditions of the Altera Program License 
Subscription Agreement, Altera MegaCore Function License 
Agreement, or other applicable license agreement, including, 
without limitation, that your use is for the sole purpose of 
programming logic devices manufactured by Altera and sold by 
Altera or its authorized distributors.  Please refer to the 
applicable agreement for further details.



+--------------------------------------------------------------------------------+
; Flow Summary                                                                   ;
+------------------------------------+-------------------------------------------+
; Flow Status                        ; Successful - Thu May 15 14:52:32 2014     ;
; Quartus II 64-Bit Version          ; 11.0 Build 157 04/27/2011 SJ Full Version ;
; Revision Name                      ; Therm_de0_nano                            ;
; Top-level Entity Name              ; Therm_sch                                 ;
; Family                             ; Cyclone IV E                              ;
; Device                             ; EP4CE22F17C6                              ;
; Timing Models                      ; Final                                     ;
; Total logic elements               ; 2,332 / 22,320 ( 10 % )                   ;
;     Total combinational functions  ; 2,025 / 22,320 ( 9 % )                    ;
;     Dedicated logic registers      ; 1,161 / 22,320 ( 5 % )                    ;
; Total registers                    ; 1161                                      ;
; Total pins                         ; 93 / 154 ( 60 % )                         ;
; Total virtual pins                 ; 0                                         ;
; Total memory bits                  ; 64,512 / 608,256 ( 11 % )                 ;
; Embedded Multiplier 9-bit elements ; 6 / 132 ( 5 % )                           ;
; Total PLLs                         ; 1 / 4 ( 25 % )                            ;
+------------------------------------+-------------------------------------------+


+-----------------------------------------+
; Flow Settings                           ;
+-------------------+---------------------+
; Option            ; Setting             ;
+-------------------+---------------------+
; Start date & time ; 03/25/2014 17:01:46 ;
; Main task         ; Compilation         ;
; Revision Name     ; Therm_de0_nano      ;
+-------------------+---------------------+


+---------------------------------------------------------------------------------------------------------------------------------------------------------------------------------------------------+
; Flow Non-Default Global Settings                                                                                                                                                                  ;
+-------------------------------------+-----------------------------------------------------------------------------------------------------------+----------------+-------------+------------------+
; Assignment Name                     ; Value                                                                                                     ; Default Value  ; Entity Name ; Section Id       ;
+-------------------------------------+-----------------------------------------------------------------------------------------------------------+----------------+-------------+------------------+
; ALLOW_ANY_RAM_SIZE_FOR_RECOGNITION  ; On                                                                                                        ; Off            ; --          ; --               ;
; COMPILER_SIGNATURE_ID               ; 159495560123.139575250603428                                                                              ; --             ; --          ; --               ;
; ENABLE_SIGNALTAP                    ; On                                                                                                        ; --             ; --          ; --               ;
; IP_TOOL_NAME                        ; ALTPLL                                                                                                    ; --             ; --          ; --               ;
; IP_TOOL_NAME                        ; ALTPLL                                                                                                    ; --             ; --          ; --               ;
; IP_TOOL_NAME                        ; LPM_ADD_SUB                                                                                               ; --             ; --          ; --               ;
; IP_TOOL_NAME                        ; LPM_MULT                                                                                                  ; --             ; --          ; --               ;
; IP_TOOL_NAME                        ; LPM_SHIFTREG                                                                                              ; --             ; --          ; --               ;
; IP_TOOL_NAME                        ; LPM_ADD_SUB                                                                                               ; --             ; --          ; --               ;
; IP_TOOL_NAME                        ; ALTIOBUF                                                                                                  ; --             ; --          ; --               ;
; IP_TOOL_NAME                        ; LPM_ADD_SUB                                                                                               ; --             ; --          ; --               ;
; IP_TOOL_NAME                        ; LPM_ADD_SUB                                                                                               ; --             ; --          ; --               ;
; IP_TOOL_NAME                        ; ALTLVDS_RX                                                                                                ; --             ; --          ; --               ;
; IP_TOOL_NAME                        ; LPM_MULT                                                                                                  ; --             ; --          ; --               ;
; IP_TOOL_NAME                        ; LPM_COMPARE                                                                                               ; --             ; --          ; --               ;
; IP_TOOL_NAME                        ; LPM_MULT                                                                                                  ; --             ; --          ; --               ;
; IP_TOOL_VERSION                     ; 11.0                                                                                                      ; --             ; --          ; --               ;
; IP_TOOL_VERSION                     ; 11.0                                                                                                      ; --             ; --          ; --               ;
; IP_TOOL_VERSION                     ; 11.0                                                                                                      ; --             ; --          ; --               ;
; IP_TOOL_VERSION                     ; 11.0                                                                                                      ; --             ; --          ; --               ;
; IP_TOOL_VERSION                     ; 11.0                                                                                                      ; --             ; --          ; --               ;
; IP_TOOL_VERSION                     ; 11.0                                                                                                      ; --             ; --          ; --               ;
; IP_TOOL_VERSION                     ; 11.0                                                                                                      ; --             ; --          ; --               ;
; IP_TOOL_VERSION                     ; 11.0                                                                                                      ; --             ; --          ; --               ;
; IP_TOOL_VERSION                     ; 11.0                                                                                                      ; --             ; --          ; --               ;
; IP_TOOL_VERSION                     ; 11.0                                                                                                      ; --             ; --          ; --               ;
; IP_TOOL_VERSION                     ; 11.0                                                                                                      ; --             ; --          ; --               ;
; IP_TOOL_VERSION                     ; 11.0                                                                                                      ; --             ; --          ; --               ;
; IP_TOOL_VERSION                     ; 11.0                                                                                                      ; --             ; --          ; --               ;
; MAX_CORE_JUNCTION_TEMP              ; 85                                                                                                        ; --             ; --          ; --               ;
; MIN_CORE_JUNCTION_TEMP              ; 0                                                                                                         ; --             ; --          ; --               ;
; MISC_FILE                           ; C:/ANDREY_KAZAKOV/Thermographic/Quartus_projekt/Thermographic_ver2.1/Therm_de0_nano.dpf                   ; --             ; --          ; --               ;
; MISC_FILE                           ; C:/ANDREY_KAZAKOV/Thermographic/Quartus_projekt/Thermographic_ver2.2/Therm_de0_nano.dpf                   ; --             ; --          ; --               ;
; MISC_FILE                           ; C:/ANDREY_KAZAKOV/Thermographic/Quartus_projekt/therm_repo/Thermographic/thermographic/Therm_de0_nano.dpf ; --             ; --          ; --               ;
; MISC_FILE                           ; PLL_CLK_bb.v                                                                                              ; --             ; --          ; --               ;
; MISC_FILE                           ; PLL_CLK.ppf                                                                                               ; --             ; --          ; --               ;
; MISC_FILE                           ; altpll0.bsf                                                                                               ; --             ; --          ; --               ;
; MISC_FILE                           ; altpll0_bb.v                                                                                              ; --             ; --          ; --               ;
; MISC_FILE                           ; altpll0.ppf                                                                                               ; --             ; --          ; --               ;
; MISC_FILE                           ; lpm_add_sub0.bsf                                                                                          ; --             ; --          ; --               ;
; MISC_FILE                           ; lpm_add_sub0_bb.v                                                                                         ; --             ; --          ; --               ;
; MISC_FILE                           ; lpm_mult1.bsf                                                                                             ; --             ; --          ; --               ;
; MISC_FILE                           ; lpm_mult1_bb.v                                                                                            ; --             ; --          ; --               ;
; MISC_FILE                           ; lpm_shiftreg0.bsf                                                                                         ; --             ; --          ; --               ;
; MISC_FILE                           ; lpm_shiftreg0_bb.v                                                                                        ; --             ; --          ; --               ;
; MISC_FILE                           ; lpm_add_sub1.bsf                                                                                          ; --             ; --          ; --               ;
; MISC_FILE                           ; lpm_add_sub1_bb.v                                                                                         ; --             ; --          ; --               ;
; MISC_FILE                           ; alt_io_buffer.bsf                                                                                         ; --             ; --          ; --               ;
; MISC_FILE                           ; alt_io_buffer_bb.v                                                                                        ; --             ; --          ; --               ;
; MISC_FILE                           ; add_bb.v                                                                                                  ; --             ; --          ; --               ;
; MISC_FILE                           ; add_average.bsf                                                                                           ; --             ; --          ; --               ;
; MISC_FILE                           ; add_average_bb.v                                                                                          ; --             ; --          ; --               ;
; MISC_FILE                           ; lvdsrx.bsf                                                                                                ; --             ; --          ; --               ;
; MISC_FILE                           ; lvdsrx_inst.v                                                                                             ; --             ; --          ; --               ;
; MISC_FILE                           ; lvdsrx_bb.v                                                                                               ; --             ; --          ; --               ;
; MISC_FILE                           ; lvdsrx.inc                                                                                                ; --             ; --          ; --               ;
; MISC_FILE                           ; lvdsrx.cmp                                                                                                ; --             ; --          ; --               ;
; MISC_FILE                           ; lvdsrx.ppf                                                                                                ; --             ; --          ; --               ;
; MISC_FILE                           ; mult_diff_chan1.bsf                                                                                       ; --             ; --          ; --               ;
; MISC_FILE                           ; mult_diff_chan1_bb.v                                                                                      ; --             ; --          ; --               ;
; MISC_FILE                           ; pix_compare.bsf                                                                                           ; --             ; --          ; --               ;
; MISC_FILE                           ; pix_compare_bb.v                                                                                          ; --             ; --          ; --               ;
; MISC_FILE                           ; mult_out.bsf                                                                                              ; --             ; --          ; --               ;
; MISC_FILE                           ; mult_out_bb.v                                                                                             ; --             ; --          ; --               ;
; PARTITION_COLOR                     ; 16764057                                                                                                  ; --             ; Therm_sch   ; Top              ;
; PARTITION_FITTER_PRESERVATION_LEVEL ; PLACEMENT_AND_ROUTING                                                                                     ; --             ; Therm_sch   ; Top              ;
; PARTITION_NETLIST_TYPE              ; SOURCE                                                                                                    ; --             ; Therm_sch   ; Top              ;
; POWER_BOARD_THERMAL_MODEL           ; None (CONSERVATIVE)                                                                                       ; --             ; --          ; --               ;
; POWER_PRESET_COOLING_SOLUTION       ; 23 MM HEAT SINK WITH 200 LFPM AIRFLOW                                                                     ; --             ; --          ; --               ;
; SLD_NODE_CREATOR_ID                 ; 110                                                                                                       ; --             ; --          ; auto_signaltap_0 ;
; SLD_NODE_ENTITY_NAME                ; sld_signaltap                                                                                             ; --             ; --          ; auto_signaltap_0 ;
; SLD_NODE_PARAMETER_ASSIGNMENT       ; SLD_NODE_INFO=805334528                                                                                   ; --             ; --          ; auto_signaltap_0 ;
; SLD_NODE_PARAMETER_ASSIGNMENT       ; SLD_POWER_UP_TRIGGER=0                                                                                    ; --             ; --          ; auto_signaltap_0 ;
; SLD_NODE_PARAMETER_ASSIGNMENT       ; SLD_STORAGE_QUALIFIER_INVERSION_MASK_LENGTH=0                                                             ; --             ; --          ; auto_signaltap_0 ;
; SLD_NODE_PARAMETER_ASSIGNMENT       ; SLD_SEGMENT_SIZE=4096                                                                                     ; --             ; --          ; auto_signaltap_0 ;
; SLD_NODE_PARAMETER_ASSIGNMENT       ; SLD_ATTRIBUTE_MEM_MODE=OFF                                                                                ; --             ; --          ; auto_signaltap_0 ;
; SLD_NODE_PARAMETER_ASSIGNMENT       ; SLD_STATE_FLOW_USE_GENERATED=0                                                                            ; --             ; --          ; auto_signaltap_0 ;
; SLD_NODE_PARAMETER_ASSIGNMENT       ; SLD_STATE_BITS=11                                                                                         ; --             ; --          ; auto_signaltap_0 ;
; SLD_NODE_PARAMETER_ASSIGNMENT       ; SLD_BUFFER_FULL_STOP=1                                                                                    ; --             ; --          ; auto_signaltap_0 ;
; SLD_NODE_PARAMETER_ASSIGNMENT       ; SLD_CURRENT_RESOURCE_WIDTH=1                                                                              ; --             ; --          ; auto_signaltap_0 ;
; SLD_NODE_PARAMETER_ASSIGNMENT       ; SLD_TRIGGER_LEVEL=1                                                                                       ; --             ; --          ; auto_signaltap_0 ;
; SLD_NODE_PARAMETER_ASSIGNMENT       ; SLD_SAMPLE_DEPTH=4096                                                                                     ; --             ; --          ; auto_signaltap_0 ;
; SLD_NODE_PARAMETER_ASSIGNMENT       ; SLD_TRIGGER_IN_ENABLED=1                                                                                  ; --             ; --          ; auto_signaltap_0 ;
; SLD_NODE_PARAMETER_ASSIGNMENT       ; SLD_ADVANCED_TRIGGER_ENTITY=basic,1,                                                                      ; --             ; --          ; auto_signaltap_0 ;
; SLD_NODE_PARAMETER_ASSIGNMENT       ; SLD_TRIGGER_LEVEL_PIPELINE=1                                                                              ; --             ; --          ; auto_signaltap_0 ;
; SLD_NODE_PARAMETER_ASSIGNMENT       ; SLD_ENABLE_ADVANCED_TRIGGER=0                                                                             ; --             ; --          ; auto_signaltap_0 ;
; SLD_NODE_PARAMETER_ASSIGNMENT       ; SLD_DATA_BITS=14                                                                                          ; --             ; --          ; auto_signaltap_0 ;
; SLD_NODE_PARAMETER_ASSIGNMENT       ; SLD_TRIGGER_BITS=14                                                                                       ; --             ; --          ; auto_signaltap_0 ;
; SLD_NODE_PARAMETER_ASSIGNMENT       ; SLD_INVERSION_MASK=00000000000000000000000000000000000000000000000000000000000000000000                   ; --             ; --          ; auto_signaltap_0 ;
; SLD_NODE_PARAMETER_ASSIGNMENT       ; SLD_INVERSION_MASK_LENGTH=68                                                                              ; --             ; --          ; auto_signaltap_0 ;
; SLD_NODE_PARAMETER_ASSIGNMENT       ; SLD_NODE_CRC_LOWORD=54548                                                                                 ; --             ; --          ; auto_signaltap_0 ;
; SLD_NODE_PARAMETER_ASSIGNMENT       ; SLD_NODE_CRC_HIWORD=18753                                                                                 ; --             ; --          ; auto_signaltap_0 ;
; TOP_LEVEL_ENTITY                    ; Therm_sch                                                                                                 ; Therm_de0_nano ; --          ; --               ;
; USE_SIGNALTAP_FILE                  ; beaten.stp                                                                                                ; --             ; --          ; --               ;
+-------------------------------------+-----------------------------------------------------------------------------------------------------------+----------------+-------------+------------------+


+-------------------------------------------------------------------------------------------------------------------------------+
; Flow Elapsed Time                                                                                                             ;
+---------------------------+--------------+-------------------------+---------------------+------------------------------------+
; Module Name               ; Elapsed Time ; Average Processors Used ; Peak Virtual Memory ; Total CPU Time (on all processors) ;
+---------------------------+--------------+-------------------------+---------------------+------------------------------------+
; Analysis & Synthesis      ; 00:00:39     ; 1.0                     ; 454 MB              ; 00:00:37                           ;
; Fitter                    ; 00:00:25     ; 1.9                     ; 595 MB              ; 00:00:29                           ;
; Assembler                 ; 00:00:02     ; 1.0                     ; 348 MB              ; 00:00:02                           ;
; TimeQuest Timing Analyzer ; 00:00:10     ; 1.9                     ; 435 MB              ; 00:00:11                           ;
; Analysis & Synthesis      ; 00:00:23     ; 1.0                     ; 449 MB              ; 00:00:21                           ;
; Partition Merge           ; 00:00:02     ; 1.0                     ; 357 MB              ; 00:00:02                           ;
; Fitter                    ; 00:00:22     ; 2.5                     ; 616 MB              ; 00:00:24                           ;
; Assembler                 ; 00:00:03     ; 1.0                     ; 352 MB              ; 00:00:02                           ;
; TimeQuest Timing Analyzer ; 00:00:12     ; 1.9                     ; 446 MB              ; 00:00:13                           ;
; Analysis & Synthesis      ; 00:00:23     ; 1.0                     ; 452 MB              ; 00:00:22                           ;
; Partition Merge           ; 00:00:03     ; 1.0                     ; 361 MB              ; 00:00:02                           ;
; Fitter                    ; 00:00:22     ; 1.8                     ; 621 MB              ; 00:00:25                           ;
; Assembler                 ; 00:00:03     ; 1.0                     ; 353 MB              ; 00:00:02                           ;
; TimeQuest Timing Analyzer ; 00:00:11     ; 1.9                     ; 448 MB              ; 00:00:13                           ;
; Analysis & Synthesis      ; 00:00:33     ; 1.0                     ; 424 MB              ; 00:00:33                           ;
; Partition Merge           ; 00:00:02     ; 1.0                     ; 338 MB              ; 00:00:01                           ;
; Fitter                    ; 00:00:18     ; 1.0                     ; 585 MB              ; 00:00:20                           ;
; Assembler                 ; 00:00:02     ; 1.0                     ; 344 MB              ; 00:00:02                           ;
; TimeQuest Timing Analyzer ; 00:00:07     ; 2.2                     ; 423 MB              ; 00:00:08                           ;
; Analysis & Synthesis      ; 00:00:37     ; 1.0                     ; 422 MB              ; 00:00:34                           ;
; Partition Merge           ; 00:00:01     ; 1.0                     ; 338 MB              ; 00:00:01                           ;
; Fitter                    ; 00:00:18     ; 1.9                     ; 586 MB              ; 00:00:19                           ;
; Assembler                 ; 00:00:03     ; 1.0                     ; 344 MB              ; 00:00:02                           ;
; TimeQuest Timing Analyzer ; 00:00:08     ; 2.2                     ; 424 MB              ; 00:00:08                           ;
; Analysis & Synthesis      ; 00:00:39     ; 1.0                     ; 422 MB              ; 00:00:34                           ;
; Partition Merge           ; 00:00:02     ; 1.0                     ; 338 MB              ; 00:00:01                           ;
; Fitter                    ; 00:00:18     ; 2.2                     ; 586 MB              ; 00:00:20                           ;
; Assembler                 ; 00:00:02     ; 1.0                     ; 344 MB              ; 00:00:02                           ;
; TimeQuest Timing Analyzer ; 00:00:08     ; 1.0                     ; 416 MB              ; 00:00:08                           ;
; Analysis & Synthesis      ; 00:00:34     ; 1.0                     ; 422 MB              ; 00:00:33                           ;
; Partition Merge           ; 00:00:01     ; 1.0                     ; 338 MB              ; 00:00:01                           ;
; Fitter                    ; 00:00:17     ; 1.9                     ; 586 MB              ; 00:00:19                           ;
; Assembler                 ; 00:00:03     ; 1.0                     ; 344 MB              ; 00:00:02                           ;
; TimeQuest Timing Analyzer ; 00:00:08     ; 1.2                     ; 424 MB              ; 00:00:08                           ;
; Analysis & Synthesis      ; 00:00:09     ; 1.0                     ; 413 MB              ; 00:00:09                           ;
; Partition Merge           ; 00:00:02     ; 1.0                     ; 349 MB              ; 00:00:01                           ;
; Fitter                    ; 00:00:09     ; 1.9                     ; 569 MB              ; 00:00:10                           ;
; Assembler                 ; 00:00:02     ; 1.0                     ; 344 MB              ; 00:00:02                           ;
; TimeQuest Timing Analyzer ; 00:00:07     ; 1.0                     ; 422 MB              ; 00:00:08                           ;
; Analysis & Synthesis      ; 00:00:10     ; 1.0                     ; 413 MB              ; 00:00:10                           ;
; Partition Merge           ; 00:00:02     ; 1.0                     ; 349 MB              ; 00:00:01                           ;
; Fitter                    ; 00:00:09     ; 1.9                     ; 568 MB              ; 00:00:10                           ;
; Assembler                 ; 00:00:02     ; 1.0                     ; 344 MB              ; 00:00:02                           ;
; TimeQuest Timing Analyzer ; 00:00:07     ; 1.2                     ; 423 MB              ; 00:00:08                           ;
; Analysis & Synthesis      ; 00:00:35     ; 1.0                     ; 421 MB              ; 00:00:33                           ;
; Partition Merge           ; 00:00:01     ; 1.0                     ; 338 MB              ; 00:00:01                           ;
; Fitter                    ; 00:00:18     ; 1.9                     ; 584 MB              ; 00:00:20                           ;
; Assembler                 ; 00:00:03     ; 1.0                     ; 344 MB              ; 00:00:02                           ;
; TimeQuest Timing Analyzer ; 00:00:08     ; 1.4                     ; 424 MB              ; 00:00:08                           ;
; Analysis & Synthesis      ; 00:00:10     ; 1.0                     ; 413 MB              ; 00:00:09                           ;
; Partition Merge           ; 00:00:01     ; 1.0                     ; 349 MB              ; 00:00:01                           ;
; Fitter                    ; 00:00:11     ; 1.0                     ; 569 MB              ; 00:00:11                           ;
; Assembler                 ; 00:00:02     ; 1.0                     ; 344 MB              ; 00:00:02                           ;
; TimeQuest Timing Analyzer ; 00:00:08     ; 1.4                     ; 423 MB              ; 00:00:09                           ;
; Analysis & Synthesis      ; 00:00:33     ; 1.0                     ; 422 MB              ; 00:00:33                           ;
; Partition Merge           ; 00:00:01     ; 1.0                     ; 339 MB              ; 00:00:01                           ;
; Fitter                    ; 00:00:21     ; 1.4                     ; 588 MB              ; 00:00:24                           ;
; Assembler                 ; 00:00:03     ; 1.0                     ; 345 MB              ; 00:00:02                           ;
; TimeQuest Timing Analyzer ; 00:00:08     ; 1.2                     ; 426 MB              ; 00:00:09                           ;
; Analysis & Synthesis      ; 00:00:22     ; 1.0                     ; 455 MB              ; 00:00:21                           ;
; Partition Merge           ; 00:00:02     ; 1.0                     ; 357 MB              ; 00:00:02                           ;
; Fitter                    ; 00:00:24     ; 1.4                     ; 620 MB              ; 00:00:27                           ;
; Assembler                 ; 00:00:03     ; 1.0                     ; 353 MB              ; 00:00:02                           ;
; TimeQuest Timing Analyzer ; 00:00:11     ; 1.9                     ; 448 MB              ; 00:00:13                           ;
; Analysis & Synthesis      ; 00:00:44     ; 1.8                     ; 471 MB              ; 00:00:50                           ;
; Partition Merge           ; 00:00:02     ; 1.0                     ; 355 MB              ; 00:00:02                           ;
; Fitter                    ; 00:00:34     ; 1.9                     ; 615 MB              ; 00:00:40                           ;
; Assembler                 ; 00:00:03     ; 1.0                     ; 353 MB              ; 00:00:02                           ;
; TimeQuest Timing Analyzer ; 00:00:12     ; 1.9                     ; 450 MB              ; 00:00:13                           ;
; Analysis & Synthesis      ; 00:00:44     ; 1.8                     ; 470 MB              ; 00:00:51                           ;
; Partition Merge           ; 00:00:03     ; 1.0                     ; 354 MB              ; 00:00:02                           ;
; Fitter                    ; 00:00:35     ; 2.2                     ; 613 MB              ; 00:00:38                           ;
; Assembler                 ; 00:00:02     ; 1.0                     ; 353 MB              ; 00:00:02                           ;
; TimeQuest Timing Analyzer ; 00:00:11     ; 1.3                     ; 448 MB              ; 00:00:13                           ;
; Analysis & Synthesis      ; 00:00:40     ; 1.0                     ; 477 MB              ; 00:00:40                           ;
; Partition Merge           ; 00:00:02     ; 1.0                     ; 347 MB              ; 00:00:02                           ;
; Fitter                    ; 00:00:34     ; 2.3                     ; 613 MB              ; 00:00:40                           ;
; Assembler                 ; 00:00:02     ; 1.0                     ; 353 MB              ; 00:00:02                           ;
; TimeQuest Timing Analyzer ; 00:00:11     ; 1.4                     ; 448 MB              ; 00:00:13                           ;
; Analysis & Synthesis      ; 00:00:03     ; 1.0                     ; 370 MB              ; 00:00:03                           ;
; Analysis & Synthesis      ; 00:00:02     ; 1.0                     ; 368 MB              ; 00:00:02                           ;
; Analysis & Synthesis      ; 00:00:11     ; 1.0                     ; 413 MB              ; 00:00:09                           ;
; Analysis & Synthesis      ; 00:00:34     ; 1.0                     ; 423 MB              ; 00:00:34                           ;
; Partition Merge           ; 00:00:01     ; 1.0                     ; 339 MB              ; 00:00:01                           ;
; Fitter                    ; 00:00:20     ; 2.4                     ; 589 MB              ; 00:00:22                           ;
; Assembler                 ; 00:00:02     ; 1.0                     ; 345 MB              ; 00:00:02                           ;
; TimeQuest Timing Analyzer ; 00:00:08     ; 1.0                     ; 426 MB              ; 00:00:09                           ;
; Analysis & Synthesis      ; 00:00:07     ; 1.0                     ; 368 MB              ; 00:00:03                           ;
; Analysis & Synthesis      ; 00:00:04     ; 1.0                     ; 366 MB              ; 00:00:03                           ;
; Analysis & Synthesis      ; 00:00:04     ; 1.0                     ; 368 MB              ; 00:00:03                           ;
; Analysis & Synthesis      ; 00:00:17     ; 1.0                     ; 414 MB              ; 00:00:11                           ;
; Analysis & Synthesis      ; 00:00:36     ; 1.0                     ; 423 MB              ; 00:00:34                           ;
; Partition Merge           ; 00:00:02     ; 1.0                     ; 339 MB              ; 00:00:01                           ;
; Fitter                    ; 00:00:22     ; 1.4                     ; 588 MB              ; 00:00:23                           ;
; Assembler                 ; 00:00:03     ; 1.0                     ; 345 MB              ; 00:00:02                           ;
; TimeQuest Timing Analyzer ; 00:00:10     ; 1.0                     ; 418 MB              ; 00:00:09                           ;
; Analysis & Synthesis      ; 00:00:04     ; 1.0                     ; 369 MB              ; 00:00:03                           ;
; Analysis & Synthesis      ; 00:00:10     ; 1.0                     ; 381 MB              ; 00:00:08                           ;
; Analysis & Synthesis      ; 00:00:12     ; 1.0                     ; 414 MB              ; 00:00:11                           ;
; Analysis & Synthesis      ; 00:00:34     ; 1.0                     ; 423 MB              ; 00:00:34                           ;
; Partition Merge           ; 00:00:01     ; 1.0                     ; 339 MB              ; 00:00:01                           ;
; Fitter                    ; 00:00:22     ; 2.3                     ; 587 MB              ; 00:00:23                           ;
; Assembler                 ; 00:00:03     ; 1.0                     ; 345 MB              ; 00:00:02                           ;
; TimeQuest Timing Analyzer ; 00:00:09     ; 1.0                     ; 425 MB              ; 00:00:09                           ;
; Analysis & Synthesis      ; 00:00:04     ; 1.0                     ; 368 MB              ; 00:00:03                           ;
; Analysis & Synthesis      ; 00:00:02     ; 1.0                     ; 366 MB              ; 00:00:02                           ;
; Analysis & Synthesis      ; 00:00:38     ; 1.0                     ; 435 MB              ; 00:00:36                           ;
; Partition Merge           ; 00:00:01     ; 1.0                     ; 339 MB              ; 00:00:01                           ;
; Fitter                    ; 00:00:21     ; 2.1                     ; 588 MB              ; 00:00:23                           ;
; Assembler                 ; 00:00:02     ; 1.0                     ; 345 MB              ; 00:00:02                           ;
; TimeQuest Timing Analyzer ; 00:00:09     ; 2.1                     ; 425 MB              ; 00:00:09                           ;
; Analysis & Synthesis      ; 00:00:04     ; 1.0                     ; 370 MB              ; 00:00:03                           ;
; Analysis & Synthesis      ; 00:00:03     ; 1.0                     ; 368 MB              ; 00:00:02                           ;
; Analysis & Synthesis      ; 00:00:09     ; 1.0                     ; 382 MB              ; 00:00:08                           ;
; Analysis & Synthesis      ; 00:00:13     ; 1.0                     ; 419 MB              ; 00:00:11                           ;
; Analysis & Synthesis      ; 00:00:11     ; 1.0                     ; 416 MB              ; 00:00:11                           ;
; Analysis & Synthesis      ; 00:00:49     ; 1.0                     ; 458 MB              ; 00:00:49                           ;
; Partition Merge           ; 00:00:01     ; 1.0                     ; 347 MB              ; 00:00:02                           ;
; Fitter                    ; 00:00:28     ; 2.6                     ; 602 MB              ; 00:00:35                           ;
; Assembler                 ; 00:00:02     ; 1.0                     ; 347 MB              ; 00:00:02                           ;
; TimeQuest Timing Analyzer ; 00:00:10     ; 1.3                     ; 430 MB              ; 00:00:10                           ;
; Analysis & Synthesis      ; 00:00:02     ; 1.0                     ; 368 MB              ; 00:00:02                           ;
; Analysis & Synthesis      ; 00:00:44     ; 1.0                     ; 451 MB              ; 00:00:43                           ;
; Partition Merge           ; 00:00:02     ; 1.0                     ; 345 MB              ; 00:00:01                           ;
; Fitter                    ; 00:00:20     ; 2.9                     ; 593 MB              ; 00:00:24                           ;
; Assembler                 ; 00:00:02     ; 1.0                     ; 344 MB              ; 00:00:02                           ;
; TimeQuest Timing Analyzer ; 00:00:06     ; 2.8                     ; 422 MB              ; 00:00:07                           ;
; Analysis & Synthesis      ; 00:00:40     ; 1.0                     ; 448 MB              ; 00:00:39                           ;
; Partition Merge           ; 00:00:02     ; 1.0                     ; 345 MB              ; 00:00:01                           ;
; Analysis & Synthesis      ; 00:00:39     ; 1.0                     ; 448 MB              ; 00:00:39                           ;
; Partition Merge           ; 00:00:01     ; 1.0                     ; 345 MB              ; 00:00:01                           ;
; Fitter                    ; 00:00:06     ; 1.0                     ; 461 MB              ; 00:00:06                           ;
; Analysis & Synthesis      ; 00:00:40     ; 1.0                     ; 449 MB              ; 00:00:40                           ;
; Partition Merge           ; 00:00:01     ; 1.0                     ; 345 MB              ; 00:00:01                           ;
; Analysis & Synthesis      ; 00:00:41     ; 1.0                     ; 448 MB              ; 00:00:40                           ;
; Partition Merge           ; 00:00:01     ; 1.0                     ; 345 MB              ; 00:00:01                           ;
; Fitter                    ; 00:00:08     ; 1.0                     ; 463 MB              ; 00:00:07                           ;
; Analysis & Synthesis      ; 00:00:40     ; 1.0                     ; 449 MB              ; 00:00:40                           ;
; Partition Merge           ; 00:00:01     ; 1.0                     ; 345 MB              ; 00:00:01                           ;
; Analysis & Synthesis      ; 00:00:39     ; 1.0                     ; 448 MB              ; 00:00:39                           ;
; Partition Merge           ; 00:00:01     ; 1.0                     ; 345 MB              ; 00:00:01                           ;
; Analysis & Synthesis      ; 00:00:42     ; 1.0                     ; 449 MB              ; 00:00:41                           ;
; Partition Merge           ; 00:00:02     ; 1.0                     ; 347 MB              ; 00:00:02                           ;
; Fitter                    ; 00:00:09     ; 1.0                     ; 469 MB              ; 00:00:09                           ;
; Analysis & Synthesis      ; 00:00:42     ; 1.0                     ; 450 MB              ; 00:00:42                           ;
; Partition Merge           ; 00:00:01     ; 1.0                     ; 347 MB              ; 00:00:02                           ;
; Fitter                    ; 00:00:26     ; 1.9                     ; 601 MB              ; 00:00:33                           ;
; Assembler                 ; 00:00:03     ; 1.0                     ; 347 MB              ; 00:00:02                           ;
; TimeQuest Timing Analyzer ; 00:00:08     ; 1.2                     ; 430 MB              ; 00:00:09                           ;
; Analysis & Synthesis      ; 00:00:03     ; 1.0                     ; 375 MB              ; 00:00:03                           ;
; Analysis & Synthesis      ; 00:00:43     ; 1.0                     ; 448 MB              ; 00:00:43                           ;
; Partition Merge           ; 00:00:02     ; 1.0                     ; 348 MB              ; 00:00:02                           ;
; Fitter                    ; 00:00:26     ; 2.1                     ; 601 MB              ; 00:00:34                           ;
; Assembler                 ; 00:00:02     ; 1.0                     ; 347 MB              ; 00:00:02                           ;
; TimeQuest Timing Analyzer ; 00:00:08     ; 2.1                     ; 430 MB              ; 00:00:10                           ;
; Total                     ; 00:34:25     ; --                      ; --                  ; 00:35:02                           ;
+---------------------------+--------------+-------------------------+---------------------+------------------------------------+


+----------------------------------------------------------------------------------------+
; Flow OS Summary                                                                        ;
+---------------------------+------------------+-----------+------------+----------------+
; Module Name               ; Machine Hostname ; OS Name   ; OS Version ; Processor type ;
+---------------------------+------------------+-----------+------------+----------------+
; Analysis & Synthesis      ; ANDREY-PK        ; Windows 7 ; 6.1        ; x86_64         ;
; Fitter                    ; ANDREY-PK        ; Windows 7 ; 6.1        ; x86_64         ;
; Assembler                 ; ANDREY-PK        ; Windows 7 ; 6.1        ; x86_64         ;
; TimeQuest Timing Analyzer ; ANDREY-PK        ; Windows 7 ; 6.1        ; x86_64         ;
; Analysis & Synthesis      ; ANDREY-PK        ; Windows 7 ; 6.1        ; x86_64         ;
; Partition Merge           ; ANDREY-PK        ; Windows 7 ; 6.1        ; x86_64         ;
; Fitter                    ; ANDREY-PK        ; Windows 7 ; 6.1        ; x86_64         ;
; Assembler                 ; ANDREY-PK        ; Windows 7 ; 6.1        ; x86_64         ;
; TimeQuest Timing Analyzer ; ANDREY-PK        ; Windows 7 ; 6.1        ; x86_64         ;
; Analysis & Synthesis      ; ANDREY-PK        ; Windows 7 ; 6.1        ; x86_64         ;
; Partition Merge           ; ANDREY-PK        ; Windows 7 ; 6.1        ; x86_64         ;
; Fitter                    ; ANDREY-PK        ; Windows 7 ; 6.1        ; x86_64         ;
; Assembler                 ; ANDREY-PK        ; Windows 7 ; 6.1        ; x86_64         ;
; TimeQuest Timing Analyzer ; ANDREY-PK        ; Windows 7 ; 6.1        ; x86_64         ;
; Analysis & Synthesis      ; ANDREY-PK        ; Windows 7 ; 6.1        ; x86_64         ;
; Partition Merge           ; ANDREY-PK        ; Windows 7 ; 6.1        ; x86_64         ;
; Fitter                    ; ANDREY-PK        ; Windows 7 ; 6.1        ; x86_64         ;
; Assembler                 ; ANDREY-PK        ; Windows 7 ; 6.1        ; x86_64         ;
; TimeQuest Timing Analyzer ; ANDREY-PK        ; Windows 7 ; 6.1        ; x86_64         ;
; Analysis & Synthesis      ; ANDREY-PK        ; Windows 7 ; 6.1        ; x86_64         ;
; Partition Merge           ; ANDREY-PK        ; Windows 7 ; 6.1        ; x86_64         ;
; Fitter                    ; ANDREY-PK        ; Windows 7 ; 6.1        ; x86_64         ;
; Assembler                 ; ANDREY-PK        ; Windows 7 ; 6.1        ; x86_64         ;
; TimeQuest Timing Analyzer ; ANDREY-PK        ; Windows 7 ; 6.1        ; x86_64         ;
; Analysis & Synthesis      ; ANDREY-PK        ; Windows 7 ; 6.1        ; x86_64         ;
; Partition Merge           ; ANDREY-PK        ; Windows 7 ; 6.1        ; x86_64         ;
; Fitter                    ; ANDREY-PK        ; Windows 7 ; 6.1        ; x86_64         ;
; Assembler                 ; ANDREY-PK        ; Windows 7 ; 6.1        ; x86_64         ;
; TimeQuest Timing Analyzer ; ANDREY-PK        ; Windows 7 ; 6.1        ; x86_64         ;
; Analysis & Synthesis      ; ANDREY-PK        ; Windows 7 ; 6.1        ; x86_64         ;
; Partition Merge           ; ANDREY-PK        ; Windows 7 ; 6.1        ; x86_64         ;
; Fitter                    ; ANDREY-PK        ; Windows 7 ; 6.1        ; x86_64         ;
; Assembler                 ; ANDREY-PK        ; Windows 7 ; 6.1        ; x86_64         ;
; TimeQuest Timing Analyzer ; ANDREY-PK        ; Windows 7 ; 6.1        ; x86_64         ;
; Analysis & Synthesis      ; ANDREY-PK        ; Windows 7 ; 6.1        ; x86_64         ;
; Partition Merge           ; ANDREY-PK        ; Windows 7 ; 6.1        ; x86_64         ;
; Fitter                    ; ANDREY-PK        ; Windows 7 ; 6.1        ; x86_64         ;
; Assembler                 ; ANDREY-PK        ; Windows 7 ; 6.1        ; x86_64         ;
; TimeQuest Timing Analyzer ; ANDREY-PK        ; Windows 7 ; 6.1        ; x86_64         ;
; Analysis & Synthesis      ; ANDREY-PK        ; Windows 7 ; 6.1        ; x86_64         ;
; Partition Merge           ; ANDREY-PK        ; Windows 7 ; 6.1        ; x86_64         ;
; Fitter                    ; ANDREY-PK        ; Windows 7 ; 6.1        ; x86_64         ;
; Assembler                 ; ANDREY-PK        ; Windows 7 ; 6.1        ; x86_64         ;
; TimeQuest Timing Analyzer ; ANDREY-PK        ; Windows 7 ; 6.1        ; x86_64         ;
; Analysis & Synthesis      ; ANDREY-PK        ; Windows 7 ; 6.1        ; x86_64         ;
; Partition Merge           ; ANDREY-PK        ; Windows 7 ; 6.1        ; x86_64         ;
; Fitter                    ; ANDREY-PK        ; Windows 7 ; 6.1        ; x86_64         ;
; Assembler                 ; ANDREY-PK        ; Windows 7 ; 6.1        ; x86_64         ;
; TimeQuest Timing Analyzer ; ANDREY-PK        ; Windows 7 ; 6.1        ; x86_64         ;
; Analysis & Synthesis      ; ANDREY-PK        ; Windows 7 ; 6.1        ; x86_64         ;
; Partition Merge           ; ANDREY-PK        ; Windows 7 ; 6.1        ; x86_64         ;
; Fitter                    ; ANDREY-PK        ; Windows 7 ; 6.1        ; x86_64         ;
; Assembler                 ; ANDREY-PK        ; Windows 7 ; 6.1        ; x86_64         ;
; TimeQuest Timing Analyzer ; ANDREY-PK        ; Windows 7 ; 6.1        ; x86_64         ;
; Analysis & Synthesis      ; ANDREY-PK        ; Windows 7 ; 6.1        ; x86_64         ;
; Partition Merge           ; ANDREY-PK        ; Windows 7 ; 6.1        ; x86_64         ;
; Fitter                    ; ANDREY-PK        ; Windows 7 ; 6.1        ; x86_64         ;
; Assembler                 ; ANDREY-PK        ; Windows 7 ; 6.1        ; x86_64         ;
; TimeQuest Timing Analyzer ; ANDREY-PK        ; Windows 7 ; 6.1        ; x86_64         ;
; Analysis & Synthesis      ; ANDREY-PK        ; Windows 7 ; 6.1        ; x86_64         ;
; Partition Merge           ; ANDREY-PK        ; Windows 7 ; 6.1        ; x86_64         ;
; Fitter                    ; ANDREY-PK        ; Windows 7 ; 6.1        ; x86_64         ;
; Assembler                 ; ANDREY-PK        ; Windows 7 ; 6.1        ; x86_64         ;
; TimeQuest Timing Analyzer ; ANDREY-PK        ; Windows 7 ; 6.1        ; x86_64         ;
; Analysis & Synthesis      ; ANDREY-PK        ; Windows 7 ; 6.1        ; x86_64         ;
; Partition Merge           ; ANDREY-PK        ; Windows 7 ; 6.1        ; x86_64         ;
; Fitter                    ; ANDREY-PK        ; Windows 7 ; 6.1        ; x86_64         ;
; Assembler                 ; ANDREY-PK        ; Windows 7 ; 6.1        ; x86_64         ;
; TimeQuest Timing Analyzer ; ANDREY-PK        ; Windows 7 ; 6.1        ; x86_64         ;
; Analysis & Synthesis      ; ANDREY-PK        ; Windows 7 ; 6.1        ; x86_64         ;
; Partition Merge           ; ANDREY-PK        ; Windows 7 ; 6.1        ; x86_64         ;
; Fitter                    ; ANDREY-PK        ; Windows 7 ; 6.1        ; x86_64         ;
; Assembler                 ; ANDREY-PK        ; Windows 7 ; 6.1        ; x86_64         ;
; TimeQuest Timing Analyzer ; ANDREY-PK        ; Windows 7 ; 6.1        ; x86_64         ;
; Analysis & Synthesis      ; ANDREY-PK        ; Windows 7 ; 6.1        ; x86_64         ;
; Partition Merge           ; ANDREY-PK        ; Windows 7 ; 6.1        ; x86_64         ;
; Fitter                    ; ANDREY-PK        ; Windows 7 ; 6.1        ; x86_64         ;
; Assembler                 ; ANDREY-PK        ; Windows 7 ; 6.1        ; x86_64         ;
; TimeQuest Timing Analyzer ; ANDREY-PK        ; Windows 7 ; 6.1        ; x86_64         ;
; Analysis & Synthesis      ; ANDREY-PK        ; Windows 7 ; 6.1        ; x86_64         ;
; Analysis & Synthesis      ; ANDREY-PK        ; Windows 7 ; 6.1        ; x86_64         ;
; Analysis & Synthesis      ; ANDREY-PK        ; Windows 7 ; 6.1        ; x86_64         ;
; Analysis & Synthesis      ; ANDREY-PK        ; Windows 7 ; 6.1        ; x86_64         ;
; Partition Merge           ; ANDREY-PK        ; Windows 7 ; 6.1        ; x86_64         ;
; Fitter                    ; ANDREY-PK        ; Windows 7 ; 6.1        ; x86_64         ;
; Assembler                 ; ANDREY-PK        ; Windows 7 ; 6.1        ; x86_64         ;
; TimeQuest Timing Analyzer ; ANDREY-PK        ; Windows 7 ; 6.1        ; x86_64         ;
; Analysis & Synthesis      ; ANDREY-PK        ; Windows 7 ; 6.1        ; x86_64         ;
; Analysis & Synthesis      ; ANDREY-PK        ; Windows 7 ; 6.1        ; x86_64         ;
; Analysis & Synthesis      ; ANDREY-PK        ; Windows 7 ; 6.1        ; x86_64         ;
; Analysis & Synthesis      ; ANDREY-PK        ; Windows 7 ; 6.1        ; x86_64         ;
; Analysis & Synthesis      ; ANDREY-PK        ; Windows 7 ; 6.1        ; x86_64         ;
; Partition Merge           ; ANDREY-PK        ; Windows 7 ; 6.1        ; x86_64         ;
; Fitter                    ; ANDREY-PK        ; Windows 7 ; 6.1        ; x86_64         ;
; Assembler                 ; ANDREY-PK        ; Windows 7 ; 6.1        ; x86_64         ;
; TimeQuest Timing Analyzer ; ANDREY-PK        ; Windows 7 ; 6.1        ; x86_64         ;
; Analysis & Synthesis      ; ANDREY-PK        ; Windows 7 ; 6.1        ; x86_64         ;
; Analysis & Synthesis      ; ANDREY-PK        ; Windows 7 ; 6.1        ; x86_64         ;
; Analysis & Synthesis      ; ANDREY-PK        ; Windows 7 ; 6.1        ; x86_64         ;
; Analysis & Synthesis      ; ANDREY-PK        ; Windows 7 ; 6.1        ; x86_64         ;
; Partition Merge           ; ANDREY-PK        ; Windows 7 ; 6.1        ; x86_64         ;
; Fitter                    ; ANDREY-PK        ; Windows 7 ; 6.1        ; x86_64         ;
; Assembler                 ; ANDREY-PK        ; Windows 7 ; 6.1        ; x86_64         ;
; TimeQuest Timing Analyzer ; ANDREY-PK        ; Windows 7 ; 6.1        ; x86_64         ;
; Analysis & Synthesis      ; ANDREY-PK        ; Windows 7 ; 6.1        ; x86_64         ;
; Analysis & Synthesis      ; ANDREY-PK        ; Windows 7 ; 6.1        ; x86_64         ;
; Analysis & Synthesis      ; ANDREY-PK        ; Windows 7 ; 6.1        ; x86_64         ;
; Partition Merge           ; ANDREY-PK        ; Windows 7 ; 6.1        ; x86_64         ;
; Fitter                    ; ANDREY-PK        ; Windows 7 ; 6.1        ; x86_64         ;
; Assembler                 ; ANDREY-PK        ; Windows 7 ; 6.1        ; x86_64         ;
; TimeQuest Timing Analyzer ; ANDREY-PK        ; Windows 7 ; 6.1        ; x86_64         ;
; Analysis & Synthesis      ; ANDREY-PK        ; Windows 7 ; 6.1        ; x86_64         ;
; Analysis & Synthesis      ; ANDREY-PK        ; Windows 7 ; 6.1        ; x86_64         ;
; Analysis & Synthesis      ; ANDREY-PK        ; Windows 7 ; 6.1        ; x86_64         ;
; Analysis & Synthesis      ; ANDREY-PK        ; Windows 7 ; 6.1        ; x86_64         ;
; Analysis & Synthesis      ; ANDREY-PK        ; Windows 7 ; 6.1        ; x86_64         ;
; Analysis & Synthesis      ; ANDREY-PK        ; Windows 7 ; 6.1        ; x86_64         ;
; Partition Merge           ; ANDREY-PK        ; Windows 7 ; 6.1        ; x86_64         ;
; Fitter                    ; ANDREY-PK        ; Windows 7 ; 6.1        ; x86_64         ;
; Assembler                 ; ANDREY-PK        ; Windows 7 ; 6.1        ; x86_64         ;
; TimeQuest Timing Analyzer ; ANDREY-PK        ; Windows 7 ; 6.1        ; x86_64         ;
; Analysis & Synthesis      ; ANDREY-PK        ; Windows 7 ; 6.1        ; x86_64         ;
; Analysis & Synthesis      ; ANDREY-PK        ; Windows 7 ; 6.1        ; x86_64         ;
; Partition Merge           ; ANDREY-PK        ; Windows 7 ; 6.1        ; x86_64         ;
; Fitter                    ; ANDREY-PK        ; Windows 7 ; 6.1        ; x86_64         ;
; Assembler                 ; ANDREY-PK        ; Windows 7 ; 6.1        ; x86_64         ;
; TimeQuest Timing Analyzer ; ANDREY-PK        ; Windows 7 ; 6.1        ; x86_64         ;
; Analysis & Synthesis      ; ANDREY-PK        ; Windows 7 ; 6.1        ; x86_64         ;
; Partition Merge           ; ANDREY-PK        ; Windows 7 ; 6.1        ; x86_64         ;
; Analysis & Synthesis      ; ANDREY-PK        ; Windows 7 ; 6.1        ; x86_64         ;
; Partition Merge           ; ANDREY-PK        ; Windows 7 ; 6.1        ; x86_64         ;
; Fitter                    ; ANDREY-PK        ; Windows 7 ; 6.1        ; x86_64         ;
; Analysis & Synthesis      ; ANDREY-PK        ; Windows 7 ; 6.1        ; x86_64         ;
; Partition Merge           ; ANDREY-PK        ; Windows 7 ; 6.1        ; x86_64         ;
; Analysis & Synthesis      ; ANDREY-PK        ; Windows 7 ; 6.1        ; x86_64         ;
; Partition Merge           ; ANDREY-PK        ; Windows 7 ; 6.1        ; x86_64         ;
; Fitter                    ; ANDREY-PK        ; Windows 7 ; 6.1        ; x86_64         ;
; Analysis & Synthesis      ; ANDREY-PK        ; Windows 7 ; 6.1        ; x86_64         ;
; Partition Merge           ; ANDREY-PK        ; Windows 7 ; 6.1        ; x86_64         ;
; Analysis & Synthesis      ; ANDREY-PK        ; Windows 7 ; 6.1        ; x86_64         ;
; Partition Merge           ; ANDREY-PK        ; Windows 7 ; 6.1        ; x86_64         ;
; Analysis & Synthesis      ; ANDREY-PK        ; Windows 7 ; 6.1        ; x86_64         ;
; Partition Merge           ; ANDREY-PK        ; Windows 7 ; 6.1        ; x86_64         ;
; Fitter                    ; ANDREY-PK        ; Windows 7 ; 6.1        ; x86_64         ;
; Analysis & Synthesis      ; ANDREY-PK        ; Windows 7 ; 6.1        ; x86_64         ;
; Partition Merge           ; ANDREY-PK        ; Windows 7 ; 6.1        ; x86_64         ;
; Fitter                    ; ANDREY-PK        ; Windows 7 ; 6.1        ; x86_64         ;
; Assembler                 ; ANDREY-PK        ; Windows 7 ; 6.1        ; x86_64         ;
; TimeQuest Timing Analyzer ; ANDREY-PK        ; Windows 7 ; 6.1        ; x86_64         ;
; Analysis & Synthesis      ; ANDREY-PK        ; Windows 7 ; 6.1        ; x86_64         ;
; Analysis & Synthesis      ; ANDREY-PK        ; Windows 7 ; 6.1        ; x86_64         ;
; Partition Merge           ; ANDREY-PK        ; Windows 7 ; 6.1        ; x86_64         ;
; Fitter                    ; ANDREY-PK        ; Windows 7 ; 6.1        ; x86_64         ;
; Assembler                 ; ANDREY-PK        ; Windows 7 ; 6.1        ; x86_64         ;
; TimeQuest Timing Analyzer ; ANDREY-PK        ; Windows 7 ; 6.1        ; x86_64         ;
+---------------------------+------------------+-----------+------------+----------------+


------------
; Flow Log ;
------------
quartus_map --read_settings_files=on --write_settings_files=off Therm_de0_nano -c Therm_de0_nano
quartus_fit --read_settings_files=off --write_settings_files=off Therm_de0_nano -c Therm_de0_nano
quartus_asm --read_settings_files=off --write_settings_files=off Therm_de0_nano -c Therm_de0_nano
quartus_sta Therm_de0_nano -c Therm_de0_nano
quartus_map --read_settings_files=on --write_settings_files=off Therm_de0_nano -c Therm_de0_nano
quartus_cdb --read_settings_files=off --write_settings_files=off Therm_de0_nano -c Therm_de0_nano --merge=on
quartus_fit --read_settings_files=off --write_settings_files=off Therm_de0_nano -c Therm_de0_nano
quartus_asm --read_settings_files=off --write_settings_files=off Therm_de0_nano -c Therm_de0_nano
quartus_sta Therm_de0_nano -c Therm_de0_nano
quartus_map --read_settings_files=on --write_settings_files=off Therm_de0_nano -c Therm_de0_nano
quartus_cdb --read_settings_files=off --write_settings_files=off Therm_de0_nano -c Therm_de0_nano --merge=on
quartus_fit --read_settings_files=off --write_settings_files=off Therm_de0_nano -c Therm_de0_nano
quartus_asm --read_settings_files=off --write_settings_files=off Therm_de0_nano -c Therm_de0_nano
quartus_sta Therm_de0_nano -c Therm_de0_nano
quartus_map --read_settings_files=on --write_settings_files=off Therm_de0_nano -c Therm_de0_nano
quartus_cdb --read_settings_files=off --write_settings_files=off Therm_de0_nano -c Therm_de0_nano --merge=on
quartus_fit --read_settings_files=off --write_settings_files=off Therm_de0_nano -c Therm_de0_nano
quartus_asm --read_settings_files=off --write_settings_files=off Therm_de0_nano -c Therm_de0_nano
quartus_sta Therm_de0_nano -c Therm_de0_nano
quartus_map --read_settings_files=on --write_settings_files=off Therm_de0_nano -c Therm_de0_nano
quartus_cdb --read_settings_files=off --write_settings_files=off Therm_de0_nano -c Therm_de0_nano --merge=on
quartus_fit --read_settings_files=off --write_settings_files=off Therm_de0_nano -c Therm_de0_nano
quartus_asm --read_settings_files=off --write_settings_files=off Therm_de0_nano -c Therm_de0_nano
quartus_sta Therm_de0_nano -c Therm_de0_nano
quartus_map --read_settings_files=on --write_settings_files=off Therm_de0_nano -c Therm_de0_nano
quartus_cdb --read_settings_files=off --write_settings_files=off Therm_de0_nano -c Therm_de0_nano --merge=on
quartus_fit --read_settings_files=off --write_settings_files=off Therm_de0_nano -c Therm_de0_nano
quartus_asm --read_settings_files=off --write_settings_files=off Therm_de0_nano -c Therm_de0_nano
quartus_sta Therm_de0_nano -c Therm_de0_nano
quartus_map --read_settings_files=on --write_settings_files=off Therm_de0_nano -c Therm_de0_nano
quartus_cdb --read_settings_files=off --write_settings_files=off Therm_de0_nano -c Therm_de0_nano --merge=on
quartus_fit --read_settings_files=off --write_settings_files=off Therm_de0_nano -c Therm_de0_nano
quartus_asm --read_settings_files=off --write_settings_files=off Therm_de0_nano -c Therm_de0_nano
quartus_sta Therm_de0_nano -c Therm_de0_nano
quartus_map --read_settings_files=on --write_settings_files=off Therm_de0_nano -c Therm_de0_nano
quartus_cdb --read_settings_files=off --write_settings_files=off Therm_de0_nano -c Therm_de0_nano --merge=on
quartus_fit --read_settings_files=off --write_settings_files=off Therm_de0_nano -c Therm_de0_nano
quartus_asm --read_settings_files=off --write_settings_files=off Therm_de0_nano -c Therm_de0_nano
quartus_sta Therm_de0_nano -c Therm_de0_nano
quartus_map --read_settings_files=on --write_settings_files=off Therm_de0_nano -c Therm_de0_nano
quartus_cdb --read_settings_files=off --write_settings_files=off Therm_de0_nano -c Therm_de0_nano --merge=on
quartus_fit --read_settings_files=off --write_settings_files=off Therm_de0_nano -c Therm_de0_nano
quartus_asm --read_settings_files=off --write_settings_files=off Therm_de0_nano -c Therm_de0_nano
quartus_sta Therm_de0_nano -c Therm_de0_nano
quartus_map --read_settings_files=on --write_settings_files=off Therm_de0_nano -c Therm_de0_nano
quartus_cdb --read_settings_files=off --write_settings_files=off Therm_de0_nano -c Therm_de0_nano --merge=on
quartus_fit --read_settings_files=off --write_settings_files=off Therm_de0_nano -c Therm_de0_nano
quartus_asm --read_settings_files=off --write_settings_files=off Therm_de0_nano -c Therm_de0_nano
quartus_sta Therm_de0_nano -c Therm_de0_nano
quartus_map --read_settings_files=on --write_settings_files=off Therm_de0_nano -c Therm_de0_nano
quartus_cdb --read_settings_files=off --write_settings_files=off Therm_de0_nano -c Therm_de0_nano --merge=on
quartus_fit --read_settings_files=off --write_settings_files=off Therm_de0_nano -c Therm_de0_nano
quartus_asm --read_settings_files=off --write_settings_files=off Therm_de0_nano -c Therm_de0_nano
quartus_sta Therm_de0_nano -c Therm_de0_nano
quartus_map --read_settings_files=on --write_settings_files=off Therm_de0_nano -c Therm_de0_nano
quartus_cdb --read_settings_files=off --write_settings_files=off Therm_de0_nano -c Therm_de0_nano --merge=on
quartus_fit --read_settings_files=off --write_settings_files=off Therm_de0_nano -c Therm_de0_nano
quartus_asm --read_settings_files=off --write_settings_files=off Therm_de0_nano -c Therm_de0_nano
quartus_sta Therm_de0_nano -c Therm_de0_nano
quartus_map --read_settings_files=on --write_settings_files=off Therm_de0_nano -c Therm_de0_nano
quartus_cdb --read_settings_files=off --write_settings_files=off Therm_de0_nano -c Therm_de0_nano --merge=on
quartus_fit --read_settings_files=off --write_settings_files=off Therm_de0_nano -c Therm_de0_nano
quartus_asm --read_settings_files=off --write_settings_files=off Therm_de0_nano -c Therm_de0_nano
quartus_sta Therm_de0_nano -c Therm_de0_nano
quartus_map --read_settings_files=on --write_settings_files=off Therm_de0_nano -c Therm_de0_nano
quartus_cdb --read_settings_files=off --write_settings_files=off Therm_de0_nano -c Therm_de0_nano --merge=on
quartus_fit --read_settings_files=off --write_settings_files=off Therm_de0_nano -c Therm_de0_nano
quartus_asm --read_settings_files=off --write_settings_files=off Therm_de0_nano -c Therm_de0_nano
quartus_sta Therm_de0_nano -c Therm_de0_nano
quartus_map --read_settings_files=on --write_settings_files=off Therm_de0_nano -c Therm_de0_nano
quartus_cdb --read_settings_files=off --write_settings_files=off Therm_de0_nano -c Therm_de0_nano --merge=on
quartus_fit --read_settings_files=off --write_settings_files=off Therm_de0_nano -c Therm_de0_nano
quartus_asm --read_settings_files=off --write_settings_files=off Therm_de0_nano -c Therm_de0_nano
quartus_sta Therm_de0_nano -c Therm_de0_nano
quartus_map --read_settings_files=on --write_settings_files=off Therm_de0_nano -c Therm_de0_nano
quartus_cdb --read_settings_files=off --write_settings_files=off Therm_de0_nano -c Therm_de0_nano --merge=on
quartus_fit --read_settings_files=off --write_settings_files=off Therm_de0_nano -c Therm_de0_nano
quartus_asm --read_settings_files=off --write_settings_files=off Therm_de0_nano -c Therm_de0_nano
quartus_sta Therm_de0_nano -c Therm_de0_nano
quartus_map --read_settings_files=on --write_settings_files=off Therm_de0_nano -c Therm_de0_nano
quartus_map --read_settings_files=on --write_settings_files=off Therm_de0_nano -c Therm_de0_nano
quartus_map --read_settings_files=on --write_settings_files=off Therm_de0_nano -c Therm_de0_nano
quartus_map --read_settings_files=on --write_settings_files=off Therm_de0_nano -c Therm_de0_nano
quartus_cdb --read_settings_files=off --write_settings_files=off Therm_de0_nano -c Therm_de0_nano --merge=on
quartus_fit --read_settings_files=off --write_settings_files=off Therm_de0_nano -c Therm_de0_nano
quartus_asm --read_settings_files=off --write_settings_files=off Therm_de0_nano -c Therm_de0_nano
quartus_sta Therm_de0_nano -c Therm_de0_nano
quartus_map --read_settings_files=on --write_settings_files=off Therm_de0_nano -c Therm_de0_nano
quartus_map --read_settings_files=on --write_settings_files=off Therm_de0_nano -c Therm_de0_nano
quartus_map --read_settings_files=on --write_settings_files=off Therm_de0_nano -c Therm_de0_nano
quartus_map --read_settings_files=on --write_settings_files=off Therm_de0_nano -c Therm_de0_nano
quartus_map --read_settings_files=on --write_settings_files=off Therm_de0_nano -c Therm_de0_nano
quartus_cdb --read_settings_files=off --write_settings_files=off Therm_de0_nano -c Therm_de0_nano --merge=on
quartus_fit --read_settings_files=off --write_settings_files=off Therm_de0_nano -c Therm_de0_nano
quartus_asm --read_settings_files=off --write_settings_files=off Therm_de0_nano -c Therm_de0_nano
quartus_sta Therm_de0_nano -c Therm_de0_nano
quartus_map --read_settings_files=on --write_settings_files=off Therm_de0_nano -c Therm_de0_nano
quartus_map --read_settings_files=on --write_settings_files=off Therm_de0_nano -c Therm_de0_nano
quartus_map --read_settings_files=on --write_settings_files=off Therm_de0_nano -c Therm_de0_nano
quartus_map --read_settings_files=on --write_settings_files=off Therm_de0_nano -c Therm_de0_nano
quartus_cdb --read_settings_files=off --write_settings_files=off Therm_de0_nano -c Therm_de0_nano --merge=on
quartus_fit --read_settings_files=off --write_settings_files=off Therm_de0_nano -c Therm_de0_nano
quartus_asm --read_settings_files=off --write_settings_files=off Therm_de0_nano -c Therm_de0_nano
quartus_sta Therm_de0_nano -c Therm_de0_nano
quartus_map --read_settings_files=on --write_settings_files=off Therm_de0_nano -c Therm_de0_nano
quartus_map --read_settings_files=on --write_settings_files=off Therm_de0_nano -c Therm_de0_nano
quartus_map --read_settings_files=on --write_settings_files=off Therm_de0_nano -c Therm_de0_nano
quartus_cdb --read_settings_files=off --write_settings_files=off Therm_de0_nano -c Therm_de0_nano --merge=on
quartus_fit --read_settings_files=off --write_settings_files=off Therm_de0_nano -c Therm_de0_nano
quartus_asm --read_settings_files=off --write_settings_files=off Therm_de0_nano -c Therm_de0_nano
quartus_sta Therm_de0_nano -c Therm_de0_nano
quartus_map --read_settings_files=on --write_settings_files=off Therm_de0_nano -c Therm_de0_nano
quartus_map --read_settings_files=on --write_settings_files=off Therm_de0_nano -c Therm_de0_nano
quartus_map --read_settings_files=on --write_settings_files=off Therm_de0_nano -c Therm_de0_nano
quartus_map --read_settings_files=on --write_settings_files=off Therm_de0_nano -c Therm_de0_nano
quartus_map --read_settings_files=on --write_settings_files=off Therm_de0_nano -c Therm_de0_nano
quartus_map --read_settings_files=on --write_settings_files=off Therm_de0_nano -c Therm_de0_nano
quartus_cdb --read_settings_files=off --write_settings_files=off Therm_de0_nano -c Therm_de0_nano --merge=on
quartus_fit --read_settings_files=off --write_settings_files=off Therm_de0_nano -c Therm_de0_nano
quartus_asm --read_settings_files=off --write_settings_files=off Therm_de0_nano -c Therm_de0_nano
quartus_sta Therm_de0_nano -c Therm_de0_nano
quartus_map --read_settings_files=on --write_settings_files=off Therm_de0_nano -c Therm_de0_nano
quartus_map --read_settings_files=on --write_settings_files=off Therm_de0_nano -c Therm_de0_nano
quartus_cdb --read_settings_files=off --write_settings_files=off Therm_de0_nano -c Therm_de0_nano --merge=on
quartus_fit --read_settings_files=off --write_settings_files=off Therm_de0_nano -c Therm_de0_nano
quartus_asm --read_settings_files=off --write_settings_files=off Therm_de0_nano -c Therm_de0_nano
quartus_sta Therm_de0_nano -c Therm_de0_nano
quartus_map --read_settings_files=on --write_settings_files=off Therm_de0_nano -c Therm_de0_nano
quartus_cdb --read_settings_files=off --write_settings_files=off Therm_de0_nano -c Therm_de0_nano --merge=on
quartus_map --read_settings_files=on --write_settings_files=off Therm_de0_nano -c Therm_de0_nano
quartus_cdb --read_settings_files=off --write_settings_files=off Therm_de0_nano -c Therm_de0_nano --merge=on
quartus_fit --read_settings_files=off --write_settings_files=off Therm_de0_nano -c Therm_de0_nano
quartus_map --read_settings_files=on --write_settings_files=off Therm_de0_nano -c Therm_de0_nano
quartus_cdb --read_settings_files=off --write_settings_files=off Therm_de0_nano -c Therm_de0_nano --merge=on
quartus_map --read_settings_files=on --write_settings_files=off Therm_de0_nano -c Therm_de0_nano
quartus_cdb --read_settings_files=off --write_settings_files=off Therm_de0_nano -c Therm_de0_nano --merge=on
quartus_fit --read_settings_files=off --write_settings_files=off Therm_de0_nano -c Therm_de0_nano
quartus_map --read_settings_files=on --write_settings_files=off Therm_de0_nano -c Therm_de0_nano
quartus_cdb --read_settings_files=off --write_settings_files=off Therm_de0_nano -c Therm_de0_nano --merge=on
quartus_map --read_settings_files=on --write_settings_files=off Therm_de0_nano -c Therm_de0_nano
quartus_cdb --read_settings_files=off --write_settings_files=off Therm_de0_nano -c Therm_de0_nano --merge=on
quartus_map --read_settings_files=on --write_settings_files=off Therm_de0_nano -c Therm_de0_nano
quartus_cdb --read_settings_files=off --write_settings_files=off Therm_de0_nano -c Therm_de0_nano --merge=on
quartus_fit --read_settings_files=off --write_settings_files=off Therm_de0_nano -c Therm_de0_nano
quartus_map --read_settings_files=on --write_settings_files=off Therm_de0_nano -c Therm_de0_nano
quartus_cdb --read_settings_files=off --write_settings_files=off Therm_de0_nano -c Therm_de0_nano --merge=on
quartus_fit --read_settings_files=off --write_settings_files=off Therm_de0_nano -c Therm_de0_nano
quartus_asm --read_settings_files=off --write_settings_files=off Therm_de0_nano -c Therm_de0_nano
quartus_sta Therm_de0_nano -c Therm_de0_nano
quartus_map --read_settings_files=on --write_settings_files=off Therm_de0_nano -c Therm_de0_nano
quartus_map --read_settings_files=on --write_settings_files=off Therm_de0_nano -c Therm_de0_nano
quartus_cdb --read_settings_files=off --write_settings_files=off Therm_de0_nano -c Therm_de0_nano --merge=on
quartus_fit --read_settings_files=off --write_settings_files=off Therm_de0_nano -c Therm_de0_nano
quartus_asm --read_settings_files=off --write_settings_files=off Therm_de0_nano -c Therm_de0_nano
quartus_sta Therm_de0_nano -c Therm_de0_nano



